jkeiper@RG-JKEIPER:~/NetBeansProjects/patientmatching-mavenize$ bash /home/jkeiper/Downloads/mavenize-module-10_openmrs1.5-7.sh
id: patientmatching
name: Patient Matching
version: 1.2.4-SNAPSHOT
lib to add as dependencies: lib/commons-math-1.2.jar
lib/sqlitejdbc-v056.jar
lib/commons-logging-1.1.1.jar
lib/commons-codec-1.4.jar
lib/postgresql-8.1-406.jdbc3.jar
lib/commons-dbcp-1.2.2.jar
lib/simmetrics_jar_v1_6_2_d07_02_07.jar
lib/commons-collections-3.2.jar
lib/j2ee.jar
lib/commons-beanutils.jar
lib/commons-pool-1.3.jar
lib/derby.jar
Number of src resources: 2
find: `test': No such file or directory
Number of test resources: 0
Number of web src resources: 0
Creating omod project directory structure
A         /home/jkeiper/NetBeansProjects/patientmatching-mavenize/omod
A         /home/jkeiper/NetBeansProjects/patientmatching-mavenize/omod/src
A         /home/jkeiper/NetBeansProjects/patientmatching-mavenize/omod/src/main
A         omod/src/test
Moving metadata to omod resources
A         omod/src/main/resources
D         metadata/Report.hbm.xml
D         metadata/messages.properties
D         metadata/config.xml
D         metadata/sqldiff.xml
D         metadata/messages_es.properties
D         metadata/messages_fr.properties
D         metadata/MatchingSet.hbm.xml
D         metadata/PatientMatchingConfiguration.hbm.xml
D         metadata/ConfigurationEntry.hbm.xml
D         metadata/moduleApplicationContext.xml
D         metadata
Moving web resources to omod webapp
A         omod/src/main/webapp
D         web/module/metadataForm.jsp
D         web/module/scheduleList.jsp
D         web/module/configForm.jsp
D         web/module/dupesList.jsp
D         web/module/resources/includes/jquery-1.4.2.min.js
D         web/module/resources/includes
D         web/module/resources
D         web/module/reportForm.jsp
D         web/module/scheduleForm.jsp
D         web/module/portlets
D         web/module/configList.jsp
D         web/module/localHeader.jsp
D         web/module
Moving web java src to omod java
A         omod/src/main/java
D         web/src/org/openmrs/module/patientmatching/web/ReportFormSimpleFormController.java
D         web/src/org/openmrs/module/patientmatching/web/ConfigurationListSimpleFormController.java
D         web/src/org/openmrs/module/patientmatching/web/CreateScheduleFormController.java
D         web/src/org/openmrs/module/patientmatching/web/ConfigurationSimpleFormController.java
D         web/src/org/openmrs/module/patientmatching/web/dwr/DWRMatchingConfigUtilities.java
D         web/src/org/openmrs/module/patientmatching/web/dwr
D         web/src/org/openmrs/module/patientmatching/web/ReportSimpleFormController.java
D         web/src/org/openmrs/module/patientmatching/web/ReportMetadataSimpleFormController.java
D         web/src/org/openmrs/module/patientmatching/web/ScheduleSimpleFormController.java
D         web/src/org/openmrs/module/patientmatching/web
D         web/src/org/openmrs/module/patientmatching
D         web/src/org/openmrs/module
D         web/src/org/openmrs
D         web/src/org
D         web/src
Moving all test java and resources to omod
svn: 'test' is not under version control
Modifying config.xml in omod resources to use properties
Replacing id, name, version, and package with properties
Replacing hibernate mappings with omodHbmConfig property
Adding hibernate and spring resources for context-sensitive tests
A         omod/src/test/resources
Writing out and adding hibernate test config
A         omod/src/test/resources/test-hibernate.cfg.xml
Writing out and adding spring test context
A         omod/src/test/resources/TestingApplicationContext.xml
Creating api project directory structure
A         /home/jkeiper/NetBeansProjects/patientmatching-mavenize/api
A         /home/jkeiper/NetBeansProjects/patientmatching-mavenize/api/src
A         /home/jkeiper/NetBeansProjects/patientmatching-mavenize/api/src/main
A         api/src/test
Moving src resources to api main resources
A         api/src/main/resources
Removing java from api main resources
D         api/src/main/resources/org/openmrs/module/patientmatching/PatientMatchingConfiguration.java
D         api/src/main/resources/org/openmrs/module/patientmatching/MatchingSet.java
D         api/src/main/resources/org/openmrs/module/patientmatching/MatchingReportReader.java
D         api/src/main/resources/org/openmrs/module/patientmatching/MatchingUtils.java
D         api/src/main/resources/org/openmrs/module/patientmatching/db/hibernate/HibernatePatientMatchingReportMetadataDAO.java
D         api/src/main/resources/org/openmrs/module/patientmatching/db/PatientMatchingReportMetadataDao.java
D         api/src/main/resources/org/openmrs/module/patientmatching/extension/html/AdminList.java
D         api/src/main/resources/org/openmrs/module/patientmatching/HibernateConnection.java
D         api/src/main/resources/org/openmrs/module/patientmatching/PatientMatchingReportMetadata.java
D         api/src/main/resources/org/openmrs/module/patientmatching/ScheduledReportGeneration.java
D         api/src/main/resources/org/openmrs/module/patientmatching/ConfigurationEntry.java
D         api/src/main/resources/org/openmrs/module/patientmatching/Report.java
D         api/src/main/resources/org/openmrs/module/patientmatching/MatchingReportUtils.java
D         api/src/main/resources/org/openmrs/module/patientmatching/LinkDBConnections.java
D         api/src/main/resources/org/openmrs/module/patientmatching/PatientMatchingReportMetadataService.java
D         api/src/main/resources/org/openmrs/module/patientmatching/MatchingIntrospector.java
D         api/src/main/resources/org/openmrs/module/patientmatching/PatientMatchingActivator.java
D         api/src/main/resources/org/openmrs/module/patientmatching/RecordSerializer.java
D         api/src/main/resources/org/openmrs/module/patientmatching/MatchingConfigurationUtils.java
D         api/src/main/resources/org/openmrs/module/patientmatching/advice/PatientMatchingAdvice.java
D         api/src/main/resources/org/openmrs/module/patientmatching/MatchingConstants.java
D         api/src/main/resources/org/openmrs/module/patientmatching/impl/PatientMatchingReportMetadataServiceImpl.java
D         api/src/main/resources/org/regenstrief/linkage/matchresult/MatchResultWriter.java
D         api/src/main/resources/org/regenstrief/linkage/matchresult/DBMatchResultStore.java
D         api/src/main/resources/org/regenstrief/linkage/matchresult/MatchResultHandler.java
D         api/src/main/resources/org/regenstrief/linkage/matchresult/RecordPairId.java
D         api/src/main/resources/org/regenstrief/linkage/matchresult/DedupMatchResultList.java
D         api/src/main/resources/org/regenstrief/linkage/matchresult/MatchResultList.java
D         api/src/main/resources/org/regenstrief/linkage/matchresult/FlatFileMatchResultWriter.java
D         api/src/main/resources/org/regenstrief/linkage/matchresult/BestMatch.java
D         api/src/main/resources/org/regenstrief/linkage/matchresult/XMLMatchResultWriter.java
D         api/src/main/resources/org/regenstrief/linkage/matchresult/MatchResultStore.java
D         api/src/main/resources/org/regenstrief/linkage/deprecated/RecordLinker.java
D         api/src/main/resources/org/regenstrief/linkage/deprecated/ScorePairs.java
D         api/src/main/resources/org/regenstrief/linkage/deprecated/Linker.java
D         api/src/main/resources/org/regenstrief/linkage/deprecated/ScoreModifier.java
D         api/src/main/resources/org/regenstrief/linkage/deprecated/EM.java
D         api/src/main/resources/org/regenstrief/linkage/MatchResult.java
D         api/src/main/resources/org/regenstrief/linkage/db/SavedResultDBConnection.java
D         api/src/main/resources/org/regenstrief/linkage/db/RecordImporter.java
D         api/src/main/resources/org/regenstrief/linkage/db/DBManager.java
D         api/src/main/resources/org/regenstrief/linkage/db/ScaleWeightDBManager.java
D         api/src/main/resources/org/regenstrief/linkage/db/RecordDBManager.java
D         api/src/main/resources/org/regenstrief/linkage/MatchFinder.java
D         api/src/main/resources/org/regenstrief/linkage/RecordLink.java
D         api/src/main/resources/org/regenstrief/linkage/Workspace.java
D         api/src/main/resources/org/regenstrief/linkage/entropy/ColumnEntropy.java
D         api/src/main/resources/org/regenstrief/linkage/entropy/FileEntropyProvider.java
D         api/src/main/resources/org/regenstrief/linkage/entropy/ColumnEntropyProvider.java
D         api/src/main/resources/org/regenstrief/linkage/entropy/EntropyProviderException.java
D         api/src/main/resources/org/regenstrief/linkage/SameEntityRecordGroup.java
D         api/src/main/resources/org/regenstrief/linkage/gui/DataPanel.java
D         api/src/main/resources/org/regenstrief/linkage/gui/SessionOptionsTableModel.java
D         api/src/main/resources/org/regenstrief/linkage/gui/MatchResultReviewKeyboardAccelerator.java
D         api/src/main/resources/org/regenstrief/linkage/gui/ApplyAnalyzerLoggingFrame.java
D         api/src/main/resources/org/regenstrief/linkage/gui/MatchResultReviewPanel.java
D         api/src/main/resources/org/regenstrief/linkage/gui/SaveTextLoggingFrame.java
D         api/src/main/resources/org/regenstrief/linkage/gui/TextDisplayFrame.java
D         api/src/main/resources/org/regenstrief/linkage/gui/RecentFile.java
D         api/src/main/resources/org/regenstrief/linkage/gui/ConfigFileFilter.java
D         api/src/main/resources/org/regenstrief/linkage/gui/SaveTextDisplayFrame.java
D         api/src/main/resources/org/regenstrief/linkage/gui/AnalysisPanel.java
D         api/src/main/resources/org/regenstrief/linkage/gui/OutputStreamTextArea.java
D         api/src/main/resources/org/regenstrief/linkage/gui/SecondaryMatchingTableColumnModel.java
D         api/src/main/resources/org/regenstrief/linkage/gui/MatchingConfigCellRenderer.java
D         api/src/main/resources/org/regenstrief/linkage/gui/MatchingTableColumnModel.java
D         api/src/main/resources/org/regenstrief/linkage/gui/MatchingTableModel.java
D         api/src/main/resources/org/regenstrief/linkage/gui/SessionsPanel.java
D         api/src/main/resources/org/regenstrief/linkage/gui/RecMatch.java
D         api/src/main/resources/org/regenstrief/linkage/gui/MatchResultReviewPagerPanel.java
D         api/src/main/resources/org/regenstrief/linkage/gui/DemographicReviewTableModel.java
D         api/src/main/resources/org/regenstrief/linkage/gui/LinkDataSourceChooser.java
D         api/src/main/resources/org/regenstrief/linkage/gui/MUValueCellRenderer.java
D         api/src/main/resources/org/regenstrief/linkage/gui/LoggingFrame.java
D         api/src/main/resources/org/regenstrief/linkage/gui/MatchResultReviewTableCellRenderer.java
D         api/src/main/resources/org/regenstrief/linkage/io/OrderedCharDelimFileReader.java
D         api/src/main/resources/org/regenstrief/linkage/io/OrderedOpenMRSReader.java
D         api/src/main/resources/org/regenstrief/linkage/io/ReaderProvider.java
D         api/src/main/resources/org/regenstrief/linkage/io/OpenMRSLookupFormPairs.java
D         api/src/main/resources/org/regenstrief/linkage/io/FormPairs.java
D         api/src/main/resources/org/regenstrief/linkage/io/OpenMRSReader.java
D         api/src/main/resources/org/regenstrief/linkage/io/DataBaseRecordStore.java
D         api/src/main/resources/org/regenstrief/linkage/io/OrderedDataSourceReader.java
D         api/src/main/resources/org/regenstrief/linkage/io/BlockSizeFormPairs.java
D         api/src/main/resources/org/regenstrief/linkage/io/LookupFormPairs.java
D         api/src/main/resources/org/regenstrief/linkage/io/CharDelimFileReader.java
D         api/src/main/resources/org/regenstrief/linkage/io/OpenMRSFormPairs.java
D         api/src/main/resources/org/regenstrief/linkage/io/RecordStore.java
D         api/src/main/resources/org/regenstrief/linkage/io/BasicCharDelimFileReader.java
D         api/src/main/resources/org/regenstrief/linkage/io/OrderedDataSourceFormPairs.java
D         api/src/main/resources/org/regenstrief/linkage/io/DedupOrderedDataSourceFormPairs.java
D         api/src/main/resources/org/regenstrief/linkage/io/SubsetDataSourceReader.java
D         api/src/main/resources/org/regenstrief/linkage/io/CommonPairFormPairs.java
D         api/src/main/resources/org/regenstrief/linkage/io/DataSourceReader.java
D         api/src/main/resources/org/regenstrief/linkage/io/DataBaseReader.java
D         api/src/main/resources/org/regenstrief/linkage/io/NoMatchFilteringFormPairs.java
D         api/src/main/resources/org/regenstrief/linkage/io/SubsetDataBaseReader.java
D         api/src/main/resources/org/regenstrief/linkage/io/DedupOrderedOpenMRSReader.java
D         api/src/main/resources/org/regenstrief/linkage/io/SubsetOpenMRSReader.java
D         api/src/main/resources/org/regenstrief/linkage/io/OrderedDataBaseReader.java
D         api/src/main/resources/org/regenstrief/linkage/io/VectorReader.java
D         api/src/main/resources/org/regenstrief/linkage/ModifiedMatchResult.java
D         api/src/main/resources/org/regenstrief/linkage/analysis/CloseFormUCalculatorDedup.java
D         api/src/main/resources/org/regenstrief/linkage/analysis/DataSourceFrequency.java
D         api/src/main/resources/org/regenstrief/linkage/analysis/DataSourceAnalyzer.java
D         api/src/main/resources/org/regenstrief/linkage/analysis/SWAnalyzer.java
D         api/src/main/resources/org/regenstrief/linkage/analysis/MutualInformationAnalyzer.java
D         api/src/main/resources/org/regenstrief/linkage/analysis/ClosedFormDedupAnalyzer.java
D         api/src/main/resources/org/regenstrief/linkage/analysis/Modifier.java
D         api/src/main/resources/org/regenstrief/linkage/analysis/EntropyAnalyzer.java
D         api/src/main/resources/org/regenstrief/linkage/analysis/DependentValueFrequencyTable.java
D         api/src/main/resources/org/regenstrief/linkage/analysis/MemoryBackedDataSourceFrequency.java
D         api/src/main/resources/org/regenstrief/linkage/analysis/NullDemographicScoreModifier.java
D         api/src/main/resources/org/regenstrief/linkage/analysis/SingleSourceAnalyzer.java
D         api/src/main/resources/org/regenstrief/linkage/analysis/MatchVectorRecordFrequencies.java
D         api/src/main/resources/org/regenstrief/linkage/analysis/VectorValuesFrequencyAnalyzer.java
D         api/src/main/resources/org/regenstrief/linkage/analysis/RecordFrequencies.java
D         api/src/main/resources/org/regenstrief/linkage/analysis/UnMatchableRecordException.java
D         api/src/main/resources/org/regenstrief/linkage/analysis/DataSourceAnalysis.java
D         api/src/main/resources/org/regenstrief/linkage/analysis/SummaryStatisticsStore.java
D         api/src/main/resources/org/regenstrief/linkage/analysis/DedupRandomSampleAnalyzer.java
D         api/src/main/resources/org/regenstrief/linkage/analysis/UniqueAnalyzer.java
D         api/src/main/resources/org/regenstrief/linkage/analysis/ScaleWeightAnalyzer.java
D         api/src/main/resources/org/regenstrief/linkage/analysis/AverageFrequencyAnalyzer.java
D         api/src/main/resources/org/regenstrief/linkage/analysis/MaximumEntropyAnalyzer.java
D         api/src/main/resources/org/regenstrief/linkage/analysis/ScaleWeightModifier.java
D         api/src/main/resources/org/regenstrief/linkage/analysis/CharDelimFileSWAnalyzer.java
D         api/src/main/resources/org/regenstrief/linkage/analysis/RandomSampleAnalyzer.java
D         api/src/main/resources/org/regenstrief/linkage/analysis/CloseFormUCalculator.java
D         api/src/main/resources/org/regenstrief/linkage/analysis/VectorTable.java
D         api/src/main/resources/org/regenstrief/linkage/analysis/FrequencyAnalyzer.java
D         api/src/main/resources/org/regenstrief/linkage/analysis/ObservedVectorAnalyzer.java
D         api/src/main/resources/org/regenstrief/linkage/analysis/SWAdjustScore.java
D         api/src/main/resources/org/regenstrief/linkage/analysis/WeightedSampler.java
D         api/src/main/resources/org/regenstrief/linkage/analysis/RecordFieldAnalyzer.java
D         api/src/main/resources/org/regenstrief/linkage/analysis/DataBaseSWAnalyzer.java
D         api/src/main/resources/org/regenstrief/linkage/analysis/TwinAnalyzer.java
D         api/src/main/resources/org/regenstrief/linkage/analysis/ValueFrequencyTable.java
D         api/src/main/resources/org/regenstrief/linkage/analysis/MatchingConfigAnalyzer.java
D         api/src/main/resources/org/regenstrief/linkage/analysis/ValueFrequencyAnalyzer.java
D         api/src/main/resources/org/regenstrief/linkage/analysis/Analyzer.java
D         api/src/main/resources/org/regenstrief/linkage/analysis/RecordPairAnalyzer.java
D         api/src/main/resources/org/regenstrief/linkage/analysis/DemographicValueAction.java
D         api/src/main/resources/org/regenstrief/linkage/analysis/NullAnalyzer.java
D         api/src/main/resources/org/regenstrief/linkage/analysis/ClosedFormAnalyzer.java
D         api/src/main/resources/org/regenstrief/linkage/analysis/PairAnalyzer.java
D         api/src/main/resources/org/regenstrief/linkage/analysis/PairDataSourceAnalysis.java
D         api/src/main/resources/org/regenstrief/linkage/analysis/AnalysisObject.java
D         api/src/main/resources/org/regenstrief/linkage/analysis/EMAnalyzer.java
D         api/src/main/resources/org/regenstrief/linkage/analysis/SetSimilarityAnalysis.java
D         api/src/main/resources/org/regenstrief/linkage/MatchVector.java
D         api/src/main/resources/org/regenstrief/linkage/util/LinkDataSource.java
D         api/src/main/resources/org/regenstrief/linkage/util/ColumnSorter.java
D         api/src/main/resources/org/regenstrief/linkage/util/MICalculator.java
D         api/src/main/resources/org/regenstrief/linkage/util/CmdLauncher.java
D         api/src/main/resources/org/regenstrief/linkage/util/DataBaseLDSInspector.java
D         api/src/main/resources/org/regenstrief/linkage/util/XMLUpdater.java
D         api/src/main/resources/org/regenstrief/linkage/util/CharDelimLDSInspector.java
D         api/src/main/resources/org/regenstrief/linkage/util/FormPairs.java
D         api/src/main/resources/org/regenstrief/linkage/util/XMLTranslator.java
D         api/src/main/resources/org/regenstrief/linkage/util/RecMatchConfig.java
D         api/src/main/resources/org/regenstrief/linkage/util/MatchingConfig.java
D         api/src/main/resources/org/regenstrief/linkage/util/Token.java
D         api/src/main/resources/org/regenstrief/linkage/util/DataColumnIncludeComparator.java
D         api/src/main/resources/org/regenstrief/linkage/util/MUSyntheticRecordGenerator.java
D         api/src/main/resources/org/regenstrief/linkage/util/ColumnSortOption.java
D         api/src/main/resources/org/regenstrief/linkage/util/MatchResultsXML.java
D         api/src/main/resources/org/regenstrief/linkage/util/DataColumn.java
D         api/src/main/resources/org/regenstrief/linkage/util/AnalysisConfig.java
D         api/src/main/resources/org/regenstrief/linkage/util/Column.java
D         api/src/main/resources/org/regenstrief/linkage/util/LongestCommonSubString.java
D         api/src/main/resources/org/regenstrief/linkage/util/MatchingConfigValidator.java
D         api/src/main/resources/org/regenstrief/linkage/util/LoggingObject.java
D         api/src/main/resources/org/regenstrief/linkage/util/ColumnPair.java
D         api/src/main/resources/org/regenstrief/linkage/util/XMLTransform.java
D         api/src/main/resources/org/regenstrief/linkage/util/BlockingExclusionList.java
D         api/src/main/resources/org/regenstrief/linkage/util/SyntheticRecordGenerator.java
D         api/src/main/resources/org/regenstrief/linkage/util/ScorePair.java
D         api/src/main/resources/org/regenstrief/linkage/util/FSSyntheticRecordGenerator.java
D         api/src/main/resources/org/regenstrief/linkage/util/FileWritingMatcher.java
D         api/src/main/resources/org/regenstrief/linkage/util/ColumnSwitcher.java
D         api/src/main/resources/org/regenstrief/linkage/util/MatchingConfigRow.java
D         api/src/main/resources/org/regenstrief/linkage/util/LinkDataSourceInspector.java
D         api/src/main/resources/org/regenstrief/linkage/util/StringMatch.java
D         api/src/main/resources/org/regenstrief/linkage/util/ComparisonException.java
D         api/src/main/resources/org/regenstrief/linkage/NullDemographicsMatchVector.java
D         api/src/main/resources/org/regenstrief/linkage/testing/SWAnalyzerTest.java
D         api/src/main/resources/org/regenstrief/linkage/testing/ScaleWeightDBManagerTest.java
D         api/src/main/resources/org/regenstrief/linkage/testing/ComparatorTesting.java
D         api/src/main/resources/org/regenstrief/linkage/testing/DedupFormPairsTest.java
D         api/src/main/resources/org/regenstrief/linkage/testing/TransitiveSetAnalysisTest.java
D         api/src/main/resources/org/regenstrief/linkage/testing/LinkageTest.java
D         api/src/main/resources/org/regenstrief/linkage/testing/XMLTranslatorTest.java
D         api/src/main/resources/org/regenstrief/linkage/testing/ScaleWeightAnalyzerTest.java
D         api/src/main/resources/org/regenstrief/linkage/testing/SAXOutputTesting.java
D         api/src/main/resources/org/regenstrief/linkage/testing/DBTest.java
D         api/src/main/resources/org/regenstrief/linkage/testing/DBTest1.java
D         api/src/main/resources/org/regenstrief/linkage/ScoreVector.java
D         api/src/main/resources/org/regenstrief/linkage/MatchingInstance.java
D         api/src/main/resources/org/regenstrief/linkage/Record.java
Moving src and test to api java
A         api/src/main/java
D         src/org/openmrs/module/patientmatching/MatchingConfigurationUtils.java
D         src/org/openmrs/module/patientmatching/db/PatientMatchingReportMetadataDao.java
D         src/org/openmrs/module/patientmatching/db/hibernate/PatientMatchingReportMetadata.hbm.xml
D         src/org/openmrs/module/patientmatching/db/hibernate/HibernatePatientMatchingReportMetadataDAO.java
D         src/org/openmrs/module/patientmatching/db/hibernate
D         src/org/openmrs/module/patientmatching/db
D         src/org/openmrs/module/patientmatching/LinkDBConnections.java
D         src/org/openmrs/module/patientmatching/MatchingIntrospector.java
D         src/org/openmrs/module/patientmatching/MatchingSet.java
D         src/org/openmrs/module/patientmatching/MatchingReportUtils.java
D         src/org/openmrs/module/patientmatching/PatientMatchingConfiguration.java
D         src/org/openmrs/module/patientmatching/ScheduledReportGeneration.java
D         src/org/openmrs/module/patientmatching/RecordSerializer.java
D         src/org/openmrs/module/patientmatching/MatchingReportReader.java
D         src/org/openmrs/module/patientmatching/advice/PatientMatchingAdvice.java
D         src/org/openmrs/module/patientmatching/advice
D         src/org/openmrs/module/patientmatching/MatchingUtils.java
D         src/org/openmrs/module/patientmatching/Report.java
D         src/org/openmrs/module/patientmatching/PatientMatchingReportMetadata.java
D         src/org/openmrs/module/patientmatching/impl/PatientMatchingReportMetadataServiceImpl.java
D         src/org/openmrs/module/patientmatching/impl
D         src/org/openmrs/module/patientmatching/HibernateConnection.java
D         src/org/openmrs/module/patientmatching/MatchingConstants.java
D         src/org/openmrs/module/patientmatching/ConfigurationEntry.java
D         src/org/openmrs/module/patientmatching/extension/html/AdminList.java
D         src/org/openmrs/module/patientmatching/extension/html
D         src/org/openmrs/module/patientmatching/extension
D         src/org/openmrs/module/patientmatching/PatientMatchingActivator.java
D         src/org/openmrs/module/patientmatching/PatientMatchingReportMetadataService.java
D         src/org/openmrs/module/patientmatching
D         src/org/openmrs/module
D         src/org/openmrs
D         src/org/regenstrief/linkage/NullDemographicsMatchVector.java
D         src/org/regenstrief/linkage/analysis/DataSourceAnalyzer.java
D         src/org/regenstrief/linkage/analysis/PairAnalyzer.java
D         src/org/regenstrief/linkage/analysis/UnMatchableRecordException.java
D         src/org/regenstrief/linkage/analysis/ObservedVectorAnalyzer.java
D         src/org/regenstrief/linkage/analysis/AverageFrequencyAnalyzer.java
D         src/org/regenstrief/linkage/analysis/ScaleWeightAnalyzer.java
D         src/org/regenstrief/linkage/analysis/ValueFrequencyTable.java
D         src/org/regenstrief/linkage/analysis/EMAnalyzer.java
D         src/org/regenstrief/linkage/analysis/RecordFrequencies.java
D         src/org/regenstrief/linkage/analysis/SingleSourceAnalyzer.java
D         src/org/regenstrief/linkage/analysis/AnalysisObject.java
D         src/org/regenstrief/linkage/analysis/CloseFormUCalculatorDedup.java
D         src/org/regenstrief/linkage/analysis/DedupRandomSampleAnalyzer.java
D         src/org/regenstrief/linkage/analysis/VectorTable.java
D         src/org/regenstrief/linkage/analysis/UniqueAnalyzer.java
D         src/org/regenstrief/linkage/analysis/DemographicValueAction.java
D         src/org/regenstrief/linkage/analysis/ScaleWeightModifier.java
D         src/org/regenstrief/linkage/analysis/NullAnalyzer.java
D         src/org/regenstrief/linkage/analysis/DataBaseSWAnalyzer.java
D         src/org/regenstrief/linkage/analysis/SummaryStatisticsStore.java
D         src/org/regenstrief/linkage/analysis/ClosedFormDedupAnalyzer.java
D         src/org/regenstrief/linkage/analysis/Analyzer.java
D         src/org/regenstrief/linkage/analysis/MatchingConfigAnalyzer.java
D         src/org/regenstrief/linkage/analysis/TwinAnalyzer.java
D         src/org/regenstrief/linkage/analysis/RandomSampleAnalyzer.java
D         src/org/regenstrief/linkage/analysis/RecordFieldAnalyzer.java
D         src/org/regenstrief/linkage/analysis/DependentValueFrequencyTable.java
D         src/org/regenstrief/linkage/analysis/Modifier.java
D         src/org/regenstrief/linkage/analysis/SWAnalyzer.java
D         src/org/regenstrief/linkage/analysis/MemoryBackedDataSourceFrequency.java
D         src/org/regenstrief/linkage/analysis/SWAdjustScore.java
D         src/org/regenstrief/linkage/analysis/RecordPairAnalyzer.java
D         src/org/regenstrief/linkage/analysis/ClosedFormAnalyzer.java
D         src/org/regenstrief/linkage/analysis/MaximumEntropyAnalyzer.java
D         src/org/regenstrief/linkage/analysis/ValueFrequencyAnalyzer.java
D         src/org/regenstrief/linkage/analysis/EntropyAnalyzer.java
D         src/org/regenstrief/linkage/analysis/SetSimilarityAnalysis.java
D         src/org/regenstrief/linkage/analysis/FrequencyAnalyzer.java
D         src/org/regenstrief/linkage/analysis/MatchVectorRecordFrequencies.java
D         src/org/regenstrief/linkage/analysis/CharDelimFileSWAnalyzer.java
D         src/org/regenstrief/linkage/analysis/PairDataSourceAnalysis.java
D         src/org/regenstrief/linkage/analysis/VectorValuesFrequencyAnalyzer.java
D         src/org/regenstrief/linkage/analysis/DataSourceFrequency.java
D         src/org/regenstrief/linkage/analysis/MutualInformationAnalyzer.java
D         src/org/regenstrief/linkage/analysis/WeightedSampler.java
D         src/org/regenstrief/linkage/analysis/NullDemographicScoreModifier.java
D         src/org/regenstrief/linkage/analysis/CloseFormUCalculator.java
D         src/org/regenstrief/linkage/analysis/DataSourceAnalysis.java
D         src/org/regenstrief/linkage/analysis
D         src/org/regenstrief/linkage/gui/LoggingFrame.java
D         src/org/regenstrief/linkage/gui/MatchingTableColumnModel.java
D         src/org/regenstrief/linkage/gui/AnalysisPanel.java
D         src/org/regenstrief/linkage/gui/MatchResultReviewKeyboardAccelerator.java
D         src/org/regenstrief/linkage/gui/SaveTextDisplayFrame.java
D         src/org/regenstrief/linkage/gui/MUValueCellRenderer.java
D         src/org/regenstrief/linkage/gui/MatchingConfigCellRenderer.java
D         src/org/regenstrief/linkage/gui/SecondaryMatchingTableColumnModel.java
D         src/org/regenstrief/linkage/gui/OutputStreamTextArea.java
D         src/org/regenstrief/linkage/gui/ConfigFileFilter.java
D         src/org/regenstrief/linkage/gui/MatchResultReviewPagerPanel.java
D         src/org/regenstrief/linkage/gui/MatchResultReviewTableCellRenderer.java
D         src/org/regenstrief/linkage/gui/ApplyAnalyzerLoggingFrame.java
D         src/org/regenstrief/linkage/gui/RecentFile.java
D         src/org/regenstrief/linkage/gui/MatchingTableModel.java
D         src/org/regenstrief/linkage/gui/SaveTextLoggingFrame.java
D         src/org/regenstrief/linkage/gui/TextDisplayFrame.java
D         src/org/regenstrief/linkage/gui/RecMatch.java
D         src/org/regenstrief/linkage/gui/SessionsPanel.java
D         src/org/regenstrief/linkage/gui/SessionOptionsTableModel.java
D         src/org/regenstrief/linkage/gui/DataPanel.java
D         src/org/regenstrief/linkage/gui/LinkDataSourceChooser.java
D         src/org/regenstrief/linkage/gui/MatchResultReviewPanel.java
D         src/org/regenstrief/linkage/gui/DemographicReviewTableModel.java
D         src/org/regenstrief/linkage/gui
D         src/org/regenstrief/linkage/db/RecordDBManager.java
D         src/org/regenstrief/linkage/db/DBManager.java
D         src/org/regenstrief/linkage/db/RecordImporter.java
D         src/org/regenstrief/linkage/db/ScaleWeightDBManager.java
D         src/org/regenstrief/linkage/db/SavedResultDBConnection.java
D         src/org/regenstrief/linkage/db
D         src/org/regenstrief/linkage/matchresult/FlatFileMatchResultWriter.java
D         src/org/regenstrief/linkage/matchresult/MatchResultList.java
D         src/org/regenstrief/linkage/matchresult/RecordPairId.java
D         src/org/regenstrief/linkage/matchresult/MatchResultStore.java
D         src/org/regenstrief/linkage/matchresult/MatchResultWriter.java
D         src/org/regenstrief/linkage/matchresult/DedupMatchResultList.java
D         src/org/regenstrief/linkage/matchresult/MatchResultHandler.java
D         src/org/regenstrief/linkage/matchresult/XMLMatchResultWriter.java
D         src/org/regenstrief/linkage/matchresult/BestMatch.java
D         src/org/regenstrief/linkage/matchresult/DBMatchResultStore.java
D         src/org/regenstrief/linkage/matchresult
D         src/org/regenstrief/linkage/Record.java
D         src/org/regenstrief/linkage/MatchVector.java
D         src/org/regenstrief/linkage/MatchingInstance.java
D         src/org/regenstrief/linkage/deprecated/EM.java
D         src/org/regenstrief/linkage/deprecated/RecordLinker.java
D         src/org/regenstrief/linkage/deprecated/Linker.java
D         src/org/regenstrief/linkage/deprecated/ScoreModifier.java
D         src/org/regenstrief/linkage/deprecated/ScorePairs.java
D         src/org/regenstrief/linkage/deprecated
D         src/org/regenstrief/linkage/entropy/ColumnEntropyProvider.java
D         src/org/regenstrief/linkage/entropy/EntropyProviderException.java
D         src/org/regenstrief/linkage/entropy/FileEntropyProvider.java
D         src/org/regenstrief/linkage/entropy/ColumnEntropy.java
D         src/org/regenstrief/linkage/entropy
D         src/org/regenstrief/linkage/MatchFinder.java
D         src/org/regenstrief/linkage/io/OpenMRSLookupFormPairs.java
D         src/org/regenstrief/linkage/io/FormPairs.java
D         src/org/regenstrief/linkage/io/SubsetDataSourceReader.java
D         src/org/regenstrief/linkage/io/DedupOrderedDataSourceFormPairs.java
D         src/org/regenstrief/linkage/io/OpenMRSFormPairs.java
D         src/org/regenstrief/linkage/io/OpenMRSReader.java
D         src/org/regenstrief/linkage/io/BlockSizeFormPairs.java
D         src/org/regenstrief/linkage/io/OrderedOpenMRSReader.java
D         src/org/regenstrief/linkage/io/CharDelimFileReader.java
D         src/org/regenstrief/linkage/io/SubsetDataBaseReader.java
D         src/org/regenstrief/linkage/io/ReaderProvider.java
D         src/org/regenstrief/linkage/io/BasicCharDelimFileReader.java
D         src/org/regenstrief/linkage/io/DataSourceReader.java
D         src/org/regenstrief/linkage/io/DataBaseRecordStore.java
D         src/org/regenstrief/linkage/io/NoMatchFilteringFormPairs.java
D         src/org/regenstrief/linkage/io/OrderedCharDelimFileReader.java
D         src/org/regenstrief/linkage/io/OrderedDataSourceFormPairs.java
D         src/org/regenstrief/linkage/io/OrderedDataSourceReader.java
D         src/org/regenstrief/linkage/io/VectorReader.java
D         src/org/regenstrief/linkage/io/DataBaseReader.java
D         src/org/regenstrief/linkage/io/CommonPairFormPairs.java
D         src/org/regenstrief/linkage/io/RecordStore.java
D         src/org/regenstrief/linkage/io/LookupFormPairs.java
D         src/org/regenstrief/linkage/io/OrderedDataBaseReader.java
D         src/org/regenstrief/linkage/io/SubsetOpenMRSReader.java
D         src/org/regenstrief/linkage/io/DedupOrderedOpenMRSReader.java
D         src/org/regenstrief/linkage/io
D         src/org/regenstrief/linkage/MatchResult.java
D         src/org/regenstrief/linkage/RecordLink.java
D         src/org/regenstrief/linkage/ModifiedMatchResult.java
D         src/org/regenstrief/linkage/util/MatchResultsXML.java
D         src/org/regenstrief/linkage/util/LinkDataSourceInspector.java
D         src/org/regenstrief/linkage/util/MatchingConfigRow.java
D         src/org/regenstrief/linkage/util/LinkDataSource.java
D         src/org/regenstrief/linkage/util/MICalculator.java
D         src/org/regenstrief/linkage/util/MatchingConfig.java
D         src/org/regenstrief/linkage/util/CharDelimLDSInspector.java
D         src/org/regenstrief/linkage/util/LongestCommonSubString.java
D         src/org/regenstrief/linkage/util/CmdLauncher.java
D         src/org/regenstrief/linkage/util/XMLUpdater.java
D         src/org/regenstrief/linkage/util/MatchingConfigValidator.java
D         src/org/regenstrief/linkage/util/ScorePair.java
D         src/org/regenstrief/linkage/util/FileWritingMatcher.java
D         src/org/regenstrief/linkage/util/ComparisonException.java
D         src/org/regenstrief/linkage/util/XMLTransform.java
D         src/org/regenstrief/linkage/util/ColumnSorter.java
D         src/org/regenstrief/linkage/util/ColumnSortOption.java
D         src/org/regenstrief/linkage/util/FormPairs.java
D         src/org/regenstrief/linkage/util/ColumnSwitcher.java
D         src/org/regenstrief/linkage/util/FSSyntheticRecordGenerator.java
D         src/org/regenstrief/linkage/util/ColumnPair.java
D         src/org/regenstrief/linkage/util/AnalysisConfig.java
D         src/org/regenstrief/linkage/util/XMLTranslator.java
D         src/org/regenstrief/linkage/util/RecMatchConfig.java
D         src/org/regenstrief/linkage/util/LoggingObject.java
D         src/org/regenstrief/linkage/util/BlockingExclusionList.java
D         src/org/regenstrief/linkage/util/SyntheticRecordGenerator.java
D         src/org/regenstrief/linkage/util/Token.java
D         src/org/regenstrief/linkage/util/MUSyntheticRecordGenerator.java
D         src/org/regenstrief/linkage/util/DataColumnIncludeComparator.java
D         src/org/regenstrief/linkage/util/StringMatch.java
D         src/org/regenstrief/linkage/util/DataColumn.java
D         src/org/regenstrief/linkage/util/Column.java
D         src/org/regenstrief/linkage/util/DataBaseLDSInspector.java
D         src/org/regenstrief/linkage/util
D         src/org/regenstrief/linkage/testing/SWAnalyzerTest.java
D         src/org/regenstrief/linkage/testing/ScaleWeightDBManagerTest.java
D         src/org/regenstrief/linkage/testing/DedupFormPairsTest.java
D         src/org/regenstrief/linkage/testing/ComparatorTesting.java
D         src/org/regenstrief/linkage/testing/DBTest.java
D         src/org/regenstrief/linkage/testing/ScaleWeightAnalyzerTest.java
D         src/org/regenstrief/linkage/testing/DBTest1.java
D         src/org/regenstrief/linkage/testing/TransitiveSetAnalysisTest.java
D         src/org/regenstrief/linkage/testing/LinkageTest.java
D         src/org/regenstrief/linkage/testing/SAXOutputTesting.java
D         src/org/regenstrief/linkage/testing/XMLTranslatorTest.java
D         src/org/regenstrief/linkage/testing
D         src/org/regenstrief/linkage/Workspace.java
D         src/org/regenstrief/linkage/ScoreVector.java
D         src/org/regenstrief/linkage/SameEntityRecordGroup.java
D         src/org/regenstrief/linkage
D         src/org/regenstrief
D         src/org
D         src/commons-logging.properties
D         src
Removing resources from api main java
D         api/src/main/java/org/openmrs/module/patientmatching/db/hibernate/PatientMatchingReportMetadata.hbm.xml
D         api/src/main/java/commons-logging.properties
Writing out and adding omod pom
A         omod/pom.xml
Writing out and adding api pom
A         api/pom.xml
Writing out and adding parent pom
A         pom.xml
Removing original directories and files
D         web/module/metadataForm.jsp
D         web/module/scheduleList.jsp
D         web/module/configForm.jsp
D         web/module/dupesList.jsp
D         web/module/resources/includes/jquery-1.4.2.min.js
D         web/module/resources/includes
D         web/module/resources
D         web/module/reportForm.jsp
D         web/module/scheduleForm.jsp
D         web/module/portlets
D         web/module/configList.jsp
D         web/module/localHeader.jsp
D         web/module
D         web/src/org/openmrs/module/patientmatching/web/ReportFormSimpleFormController.java
D         web/src/org/openmrs/module/patientmatching/web/ConfigurationListSimpleFormController.java
D         web/src/org/openmrs/module/patientmatching/web/CreateScheduleFormController.java
D         web/src/org/openmrs/module/patientmatching/web/ConfigurationSimpleFormController.java
D         web/src/org/openmrs/module/patientmatching/web/dwr/DWRMatchingConfigUtilities.java
D         web/src/org/openmrs/module/patientmatching/web/dwr
D         web/src/org/openmrs/module/patientmatching/web/ReportSimpleFormController.java
D         web/src/org/openmrs/module/patientmatching/web/ReportMetadataSimpleFormController.java
D         web/src/org/openmrs/module/patientmatching/web/ScheduleSimpleFormController.java
D         web/src/org/openmrs/module/patientmatching/web
D         web/src/org/openmrs/module/patientmatching
D         web/src/org/openmrs/module
D         web/src/org/openmrs
D         web/src/org
D         web/src
D         web
D         .classpath
D         .project
D         lib-common/bsf-2.3.jar
D         lib-common/jakarta-oro-2.0.8.jar
D         lib-common/xstream-1.3.jar
D         lib-common/hibernate3.jar
D         lib-common/openmrs-api-1.7.0.13416-dev.jar
D         lib-common/web-openmrs-api-1.6.0.9309-dev.jar
D         lib-common/servlet-api.jar
D         lib-common/commons-logging-1.0.4.jar
D         lib-common/commons-validator-1.1.4.jar
D         lib-common/bsh-2.0b4.jar
D         lib-common/log4j-1.2.13.jar
D         lib-common/spring-2.0.jar
D         lib-common/dwr-205.jar
D         lib-common/mysql-connector-java-3.1.10-bin.jar
D         lib-common/spring-2.5.1.jar
D         lib-common
D         build.xml
Updating svn ignore properties in api and omod
Ignoring Maven target in omod
property 'svn:ignore' set on 'omod'
Ignoring Maven target in api
property 'svn:ignore' set on 'api'
Ignoring Maven target in parent dir
property 'svn:ignore' set on '.'
jkeiper@RG-JKEIPER:~/NetBeansProjects/patientmatching-mavenize$ bash /home/jkeiper/Downloads/mavenize-module-10_openmrs1.5-7.sh
id: patientmatching
name: Patient Matching
version: 1.2.4-SNAPSHOT
lib to add as dependencies: lib/commons-math-1.2.jar
lib/sqlitejdbc-v056.jar
lib/commons-logging-1.1.1.jar
lib/commons-codec-1.4.jar
lib/postgresql-8.1-406.jdbc3.jar
lib/commons-dbcp-1.2.2.jar
lib/simmetrics_jar_v1_6_2_d07_02_07.jar
lib/commons-collections-3.2.jar
lib/j2ee.jar
lib/commons-beanutils.jar
lib/commons-pool-1.3.jar
lib/derby.jar
Number of src resources: 2
find: `test': No such file or directory
Number of test resources: 0
Number of web src resources: 0
Creating omod project directory structure
A         /home/jkeiper/NetBeansProjects/patientmatching-mavenize/omod
A         /home/jkeiper/NetBeansProjects/patientmatching-mavenize/omod/src
A         /home/jkeiper/NetBeansProjects/patientmatching-mavenize/omod/src/main
A         omod/src/test
Moving metadata to omod resources
A         omod/src/main/resources
D         metadata/Report.hbm.xml
D         metadata/messages.properties
D         metadata/config.xml
D         metadata/sqldiff.xml
D         metadata/messages_es.properties
D         metadata/messages_fr.properties
D         metadata/MatchingSet.hbm.xml
D         metadata/PatientMatchingConfiguration.hbm.xml
D         metadata/ConfigurationEntry.hbm.xml
D         metadata/moduleApplicationContext.xml
D         metadata
Moving web resources to omod webapp
A         omod/src/main/webapp
D         web/module/metadataForm.jsp
D         web/module/scheduleList.jsp
D         web/module/configForm.jsp
D         web/module/dupesList.jsp
D         web/module/resources/includes/jquery-1.4.2.min.js
D         web/module/resources/includes
D         web/module/resources
D         web/module/reportForm.jsp
D         web/module/scheduleForm.jsp
D         web/module/portlets
D         web/module/configList.jsp
D         web/module/localHeader.jsp
D         web/module
Moving web java src to omod java
A         omod/src/main/java
D         web/src/org/openmrs/module/patientmatching/web/ReportFormSimpleFormController.java
D         web/src/org/openmrs/module/patientmatching/web/ConfigurationListSimpleFormController.java
D         web/src/org/openmrs/module/patientmatching/web/CreateScheduleFormController.java
D         web/src/org/openmrs/module/patientmatching/web/ConfigurationSimpleFormController.java
D         web/src/org/openmrs/module/patientmatching/web/dwr/DWRMatchingConfigUtilities.java
D         web/src/org/openmrs/module/patientmatching/web/dwr
D         web/src/org/openmrs/module/patientmatching/web/ReportSimpleFormController.java
D         web/src/org/openmrs/module/patientmatching/web/ReportMetadataSimpleFormController.java
D         web/src/org/openmrs/module/patientmatching/web/ScheduleSimpleFormController.java
D         web/src/org/openmrs/module/patientmatching/web
D         web/src/org/openmrs/module/patientmatching
D         web/src/org/openmrs/module
D         web/src/org/openmrs
D         web/src/org
D         web/src
Moving all test java and resources to omod
svn: 'test' is not under version control
Modifying config.xml in omod resources to use properties
Replacing id, name, version, and package with properties
Replacing hibernate mappings with omodHbmConfig property
Adding hibernate and spring resources for context-sensitive tests
A         omod/src/test/resources
Writing out and adding hibernate test config
A         omod/src/test/resources/test-hibernate.cfg.xml
Writing out and adding spring test context
A         omod/src/test/resources/TestingApplicationContext.xml
Creating api project directory structure
A         /home/jkeiper/NetBeansProjects/patientmatching-mavenize/api
A         /home/jkeiper/NetBeansProjects/patientmatching-mavenize/api/src
A         /home/jkeiper/NetBeansProjects/patientmatching-mavenize/api/src/main
A         api/src/test
Moving src resources to api main resources
A         api/src/main/resources
Removing java from api main resources
D         api/src/main/resources/org/openmrs/module/patientmatching/PatientMatchingConfiguration.java
D         api/src/main/resources/org/openmrs/module/patientmatching/MatchingSet.java
D         api/src/main/resources/org/openmrs/module/patientmatching/MatchingReportReader.java
D         api/src/main/resources/org/openmrs/module/patientmatching/MatchingUtils.java
D         api/src/main/resources/org/openmrs/module/patientmatching/db/hibernate/HibernatePatientMatchingReportMetadataDAO.java
D         api/src/main/resources/org/openmrs/module/patientmatching/db/PatientMatchingReportMetadataDao.java
D         api/src/main/resources/org/openmrs/module/patientmatching/extension/html/AdminList.java
D         api/src/main/resources/org/openmrs/module/patientmatching/HibernateConnection.java
D         api/src/main/resources/org/openmrs/module/patientmatching/PatientMatchingReportMetadata.java
D         api/src/main/resources/org/openmrs/module/patientmatching/ScheduledReportGeneration.java
D         api/src/main/resources/org/openmrs/module/patientmatching/ConfigurationEntry.java
D         api/src/main/resources/org/openmrs/module/patientmatching/Report.java
D         api/src/main/resources/org/openmrs/module/patientmatching/MatchingReportUtils.java
D         api/src/main/resources/org/openmrs/module/patientmatching/LinkDBConnections.java
D         api/src/main/resources/org/openmrs/module/patientmatching/PatientMatchingReportMetadataService.java
D         api/src/main/resources/org/openmrs/module/patientmatching/MatchingIntrospector.java
D         api/src/main/resources/org/openmrs/module/patientmatching/PatientMatchingActivator.java
D         api/src/main/resources/org/openmrs/module/patientmatching/RecordSerializer.java
D         api/src/main/resources/org/openmrs/module/patientmatching/MatchingConfigurationUtils.java
D         api/src/main/resources/org/openmrs/module/patientmatching/advice/PatientMatchingAdvice.java
D         api/src/main/resources/org/openmrs/module/patientmatching/MatchingConstants.java
D         api/src/main/resources/org/openmrs/module/patientmatching/impl/PatientMatchingReportMetadataServiceImpl.java
D         api/src/main/resources/org/regenstrief/linkage/matchresult/MatchResultWriter.java
D         api/src/main/resources/org/regenstrief/linkage/matchresult/DBMatchResultStore.java
D         api/src/main/resources/org/regenstrief/linkage/matchresult/MatchResultHandler.java
D         api/src/main/resources/org/regenstrief/linkage/matchresult/RecordPairId.java
D         api/src/main/resources/org/regenstrief/linkage/matchresult/DedupMatchResultList.java
D         api/src/main/resources/org/regenstrief/linkage/matchresult/MatchResultList.java
D         api/src/main/resources/org/regenstrief/linkage/matchresult/FlatFileMatchResultWriter.java
D         api/src/main/resources/org/regenstrief/linkage/matchresult/BestMatch.java
D         api/src/main/resources/org/regenstrief/linkage/matchresult/XMLMatchResultWriter.java
D         api/src/main/resources/org/regenstrief/linkage/matchresult/MatchResultStore.java
D         api/src/main/resources/org/regenstrief/linkage/deprecated/RecordLinker.java
D         api/src/main/resources/org/regenstrief/linkage/deprecated/ScorePairs.java
D         api/src/main/resources/org/regenstrief/linkage/deprecated/Linker.java
D         api/src/main/resources/org/regenstrief/linkage/deprecated/ScoreModifier.java
D         api/src/main/resources/org/regenstrief/linkage/deprecated/EM.java
D         api/src/main/resources/org/regenstrief/linkage/MatchResult.java
D         api/src/main/resources/org/regenstrief/linkage/db/SavedResultDBConnection.java
D         api/src/main/resources/org/regenstrief/linkage/db/RecordImporter.java
D         api/src/main/resources/org/regenstrief/linkage/db/DBManager.java
D         api/src/main/resources/org/regenstrief/linkage/db/ScaleWeightDBManager.java
D         api/src/main/resources/org/regenstrief/linkage/db/RecordDBManager.java
D         api/src/main/resources/org/regenstrief/linkage/MatchFinder.java
D         api/src/main/resources/org/regenstrief/linkage/RecordLink.java
D         api/src/main/resources/org/regenstrief/linkage/Workspace.java
D         api/src/main/resources/org/regenstrief/linkage/entropy/ColumnEntropy.java
D         api/src/main/resources/org/regenstrief/linkage/entropy/FileEntropyProvider.java
D         api/src/main/resources/org/regenstrief/linkage/entropy/ColumnEntropyProvider.java
D         api/src/main/resources/org/regenstrief/linkage/entropy/EntropyProviderException.java
D         api/src/main/resources/org/regenstrief/linkage/SameEntityRecordGroup.java
D         api/src/main/resources/org/regenstrief/linkage/gui/DataPanel.java
D         api/src/main/resources/org/regenstrief/linkage/gui/SessionOptionsTableModel.java
D         api/src/main/resources/org/regenstrief/linkage/gui/MatchResultReviewKeyboardAccelerator.java
D         api/src/main/resources/org/regenstrief/linkage/gui/ApplyAnalyzerLoggingFrame.java
D         api/src/main/resources/org/regenstrief/linkage/gui/MatchResultReviewPanel.java
D         api/src/main/resources/org/regenstrief/linkage/gui/SaveTextLoggingFrame.java
D         api/src/main/resources/org/regenstrief/linkage/gui/TextDisplayFrame.java
D         api/src/main/resources/org/regenstrief/linkage/gui/RecentFile.java
D         api/src/main/resources/org/regenstrief/linkage/gui/ConfigFileFilter.java
D         api/src/main/resources/org/regenstrief/linkage/gui/SaveTextDisplayFrame.java
D         api/src/main/resources/org/regenstrief/linkage/gui/AnalysisPanel.java
D         api/src/main/resources/org/regenstrief/linkage/gui/OutputStreamTextArea.java
D         api/src/main/resources/org/regenstrief/linkage/gui/SecondaryMatchingTableColumnModel.java
D         api/src/main/resources/org/regenstrief/linkage/gui/MatchingConfigCellRenderer.java
D         api/src/main/resources/org/regenstrief/linkage/gui/MatchingTableColumnModel.java
D         api/src/main/resources/org/regenstrief/linkage/gui/MatchingTableModel.java
D         api/src/main/resources/org/regenstrief/linkage/gui/SessionsPanel.java
D         api/src/main/resources/org/regenstrief/linkage/gui/RecMatch.java
D         api/src/main/resources/org/regenstrief/linkage/gui/MatchResultReviewPagerPanel.java
D         api/src/main/resources/org/regenstrief/linkage/gui/DemographicReviewTableModel.java
D         api/src/main/resources/org/regenstrief/linkage/gui/LinkDataSourceChooser.java
D         api/src/main/resources/org/regenstrief/linkage/gui/MUValueCellRenderer.java
D         api/src/main/resources/org/regenstrief/linkage/gui/LoggingFrame.java
D         api/src/main/resources/org/regenstrief/linkage/gui/MatchResultReviewTableCellRenderer.java
D         api/src/main/resources/org/regenstrief/linkage/io/OrderedCharDelimFileReader.java
D         api/src/main/resources/org/regenstrief/linkage/io/OrderedOpenMRSReader.java
D         api/src/main/resources/org/regenstrief/linkage/io/ReaderProvider.java
D         api/src/main/resources/org/regenstrief/linkage/io/OpenMRSLookupFormPairs.java
D         api/src/main/resources/org/regenstrief/linkage/io/FormPairs.java
D         api/src/main/resources/org/regenstrief/linkage/io/OpenMRSReader.java
D         api/src/main/resources/org/regenstrief/linkage/io/DataBaseRecordStore.java
D         api/src/main/resources/org/regenstrief/linkage/io/OrderedDataSourceReader.java
D         api/src/main/resources/org/regenstrief/linkage/io/BlockSizeFormPairs.java
D         api/src/main/resources/org/regenstrief/linkage/io/LookupFormPairs.java
D         api/src/main/resources/org/regenstrief/linkage/io/CharDelimFileReader.java
D         api/src/main/resources/org/regenstrief/linkage/io/OpenMRSFormPairs.java
D         api/src/main/resources/org/regenstrief/linkage/io/RecordStore.java
D         api/src/main/resources/org/regenstrief/linkage/io/BasicCharDelimFileReader.java
D         api/src/main/resources/org/regenstrief/linkage/io/OrderedDataSourceFormPairs.java
D         api/src/main/resources/org/regenstrief/linkage/io/DedupOrderedDataSourceFormPairs.java
D         api/src/main/resources/org/regenstrief/linkage/io/SubsetDataSourceReader.java
D         api/src/main/resources/org/regenstrief/linkage/io/CommonPairFormPairs.java
D         api/src/main/resources/org/regenstrief/linkage/io/DataSourceReader.java
D         api/src/main/resources/org/regenstrief/linkage/io/DataBaseReader.java
D         api/src/main/resources/org/regenstrief/linkage/io/NoMatchFilteringFormPairs.java
D         api/src/main/resources/org/regenstrief/linkage/io/SubsetDataBaseReader.java
D         api/src/main/resources/org/regenstrief/linkage/io/DedupOrderedOpenMRSReader.java
D         api/src/main/resources/org/regenstrief/linkage/io/SubsetOpenMRSReader.java
D         api/src/main/resources/org/regenstrief/linkage/io/OrderedDataBaseReader.java
D         api/src/main/resources/org/regenstrief/linkage/io/VectorReader.java
D         api/src/main/resources/org/regenstrief/linkage/ModifiedMatchResult.java
D         api/src/main/resources/org/regenstrief/linkage/analysis/CloseFormUCalculatorDedup.java
D         api/src/main/resources/org/regenstrief/linkage/analysis/DataSourceFrequency.java
D         api/src/main/resources/org/regenstrief/linkage/analysis/DataSourceAnalyzer.java
D         api/src/main/resources/org/regenstrief/linkage/analysis/SWAnalyzer.java
D         api/src/main/resources/org/regenstrief/linkage/analysis/MutualInformationAnalyzer.java
D         api/src/main/resources/org/regenstrief/linkage/analysis/ClosedFormDedupAnalyzer.java
D         api/src/main/resources/org/regenstrief/linkage/analysis/Modifier.java
D         api/src/main/resources/org/regenstrief/linkage/analysis/EntropyAnalyzer.java
D         api/src/main/resources/org/regenstrief/linkage/analysis/DependentValueFrequencyTable.java
D         api/src/main/resources/org/regenstrief/linkage/analysis/MemoryBackedDataSourceFrequency.java
D         api/src/main/resources/org/regenstrief/linkage/analysis/NullDemographicScoreModifier.java
D         api/src/main/resources/org/regenstrief/linkage/analysis/SingleSourceAnalyzer.java
D         api/src/main/resources/org/regenstrief/linkage/analysis/MatchVectorRecordFrequencies.java
D         api/src/main/resources/org/regenstrief/linkage/analysis/VectorValuesFrequencyAnalyzer.java
D         api/src/main/resources/org/regenstrief/linkage/analysis/RecordFrequencies.java
D         api/src/main/resources/org/regenstrief/linkage/analysis/UnMatchableRecordException.java
D         api/src/main/resources/org/regenstrief/linkage/analysis/DataSourceAnalysis.java
D         api/src/main/resources/org/regenstrief/linkage/analysis/SummaryStatisticsStore.java
D         api/src/main/resources/org/regenstrief/linkage/analysis/DedupRandomSampleAnalyzer.java
D         api/src/main/resources/org/regenstrief/linkage/analysis/UniqueAnalyzer.java
D         api/src/main/resources/org/regenstrief/linkage/analysis/ScaleWeightAnalyzer.java
D         api/src/main/resources/org/regenstrief/linkage/analysis/AverageFrequencyAnalyzer.java
D         api/src/main/resources/org/regenstrief/linkage/analysis/MaximumEntropyAnalyzer.java
D         api/src/main/resources/org/regenstrief/linkage/analysis/ScaleWeightModifier.java
D         api/src/main/resources/org/regenstrief/linkage/analysis/CharDelimFileSWAnalyzer.java
D         api/src/main/resources/org/regenstrief/linkage/analysis/RandomSampleAnalyzer.java
D         api/src/main/resources/org/regenstrief/linkage/analysis/CloseFormUCalculator.java
D         api/src/main/resources/org/regenstrief/linkage/analysis/VectorTable.java
D         api/src/main/resources/org/regenstrief/linkage/analysis/FrequencyAnalyzer.java
D         api/src/main/resources/org/regenstrief/linkage/analysis/ObservedVectorAnalyzer.java
D         api/src/main/resources/org/regenstrief/linkage/analysis/SWAdjustScore.java
D         api/src/main/resources/org/regenstrief/linkage/analysis/WeightedSampler.java
D         api/src/main/resources/org/regenstrief/linkage/analysis/RecordFieldAnalyzer.java
D         api/src/main/resources/org/regenstrief/linkage/analysis/DataBaseSWAnalyzer.java
D         api/src/main/resources/org/regenstrief/linkage/analysis/TwinAnalyzer.java
D         api/src/main/resources/org/regenstrief/linkage/analysis/ValueFrequencyTable.java
D         api/src/main/resources/org/regenstrief/linkage/analysis/MatchingConfigAnalyzer.java
D         api/src/main/resources/org/regenstrief/linkage/analysis/ValueFrequencyAnalyzer.java
D         api/src/main/resources/org/regenstrief/linkage/analysis/Analyzer.java
D         api/src/main/resources/org/regenstrief/linkage/analysis/RecordPairAnalyzer.java
D         api/src/main/resources/org/regenstrief/linkage/analysis/DemographicValueAction.java
D         api/src/main/resources/org/regenstrief/linkage/analysis/NullAnalyzer.java
D         api/src/main/resources/org/regenstrief/linkage/analysis/ClosedFormAnalyzer.java
D         api/src/main/resources/org/regenstrief/linkage/analysis/PairAnalyzer.java
D         api/src/main/resources/org/regenstrief/linkage/analysis/PairDataSourceAnalysis.java
D         api/src/main/resources/org/regenstrief/linkage/analysis/AnalysisObject.java
D         api/src/main/resources/org/regenstrief/linkage/analysis/EMAnalyzer.java
D         api/src/main/resources/org/regenstrief/linkage/analysis/SetSimilarityAnalysis.java
D         api/src/main/resources/org/regenstrief/linkage/MatchVector.java
D         api/src/main/resources/org/regenstrief/linkage/util/LinkDataSource.java
D         api/src/main/resources/org/regenstrief/linkage/util/ColumnSorter.java
D         api/src/main/resources/org/regenstrief/linkage/util/MICalculator.java
D         api/src/main/resources/org/regenstrief/linkage/util/CmdLauncher.java
D         api/src/main/resources/org/regenstrief/linkage/util/DataBaseLDSInspector.java
D         api/src/main/resources/org/regenstrief/linkage/util/XMLUpdater.java
D         api/src/main/resources/org/regenstrief/linkage/util/CharDelimLDSInspector.java
D         api/src/main/resources/org/regenstrief/linkage/util/FormPairs.java
D         api/src/main/resources/org/regenstrief/linkage/util/XMLTranslator.java
D         api/src/main/resources/org/regenstrief/linkage/util/RecMatchConfig.java
D         api/src/main/resources/org/regenstrief/linkage/util/MatchingConfig.java
D         api/src/main/resources/org/regenstrief/linkage/util/Token.java
D         api/src/main/resources/org/regenstrief/linkage/util/DataColumnIncludeComparator.java
D         api/src/main/resources/org/regenstrief/linkage/util/MUSyntheticRecordGenerator.java
D         api/src/main/resources/org/regenstrief/linkage/util/ColumnSortOption.java
D         api/src/main/resources/org/regenstrief/linkage/util/MatchResultsXML.java
D         api/src/main/resources/org/regenstrief/linkage/util/DataColumn.java
D         api/src/main/resources/org/regenstrief/linkage/util/AnalysisConfig.java
D         api/src/main/resources/org/regenstrief/linkage/util/Column.java
D         api/src/main/resources/org/regenstrief/linkage/util/LongestCommonSubString.java
D         api/src/main/resources/org/regenstrief/linkage/util/MatchingConfigValidator.java
D         api/src/main/resources/org/regenstrief/linkage/util/LoggingObject.java
D         api/src/main/resources/org/regenstrief/linkage/util/ColumnPair.java
D         api/src/main/resources/org/regenstrief/linkage/util/XMLTransform.java
D         api/src/main/resources/org/regenstrief/linkage/util/BlockingExclusionList.java
D         api/src/main/resources/org/regenstrief/linkage/util/SyntheticRecordGenerator.java
D         api/src/main/resources/org/regenstrief/linkage/util/ScorePair.java
D         api/src/main/resources/org/regenstrief/linkage/util/FSSyntheticRecordGenerator.java
D         api/src/main/resources/org/regenstrief/linkage/util/FileWritingMatcher.java
D         api/src/main/resources/org/regenstrief/linkage/util/ColumnSwitcher.java
D         api/src/main/resources/org/regenstrief/linkage/util/MatchingConfigRow.java
D         api/src/main/resources/org/regenstrief/linkage/util/LinkDataSourceInspector.java
D         api/src/main/resources/org/regenstrief/linkage/util/StringMatch.java
D         api/src/main/resources/org/regenstrief/linkage/util/ComparisonException.java
D         api/src/main/resources/org/regenstrief/linkage/NullDemographicsMatchVector.java
D         api/src/main/resources/org/regenstrief/linkage/testing/SWAnalyzerTest.java
D         api/src/main/resources/org/regenstrief/linkage/testing/ScaleWeightDBManagerTest.java
D         api/src/main/resources/org/regenstrief/linkage/testing/ComparatorTesting.java
D         api/src/main/resources/org/regenstrief/linkage/testing/DedupFormPairsTest.java
D         api/src/main/resources/org/regenstrief/linkage/testing/TransitiveSetAnalysisTest.java
D         api/src/main/resources/org/regenstrief/linkage/testing/LinkageTest.java
D         api/src/main/resources/org/regenstrief/linkage/testing/XMLTranslatorTest.java
D         api/src/main/resources/org/regenstrief/linkage/testing/ScaleWeightAnalyzerTest.java
D         api/src/main/resources/org/regenstrief/linkage/testing/SAXOutputTesting.java
D         api/src/main/resources/org/regenstrief/linkage/testing/DBTest.java
D         api/src/main/resources/org/regenstrief/linkage/testing/DBTest1.java
D         api/src/main/resources/org/regenstrief/linkage/ScoreVector.java
D         api/src/main/resources/org/regenstrief/linkage/MatchingInstance.java
D         api/src/main/resources/org/regenstrief/linkage/Record.java
Moving src and test to api java
A         api/src/main/java
D         src/org/openmrs/module/patientmatching/MatchingConfigurationUtils.java
D         src/org/openmrs/module/patientmatching/db/PatientMatchingReportMetadataDao.java
D         src/org/openmrs/module/patientmatching/db/hibernate/PatientMatchingReportMetadata.hbm.xml
D         src/org/openmrs/module/patientmatching/db/hibernate/HibernatePatientMatchingReportMetadataDAO.java
D         src/org/openmrs/module/patientmatching/db/hibernate
D         src/org/openmrs/module/patientmatching/db
D         src/org/openmrs/module/patientmatching/LinkDBConnections.java
D         src/org/openmrs/module/patientmatching/MatchingIntrospector.java
D         src/org/openmrs/module/patientmatching/MatchingSet.java
D         src/org/openmrs/module/patientmatching/MatchingReportUtils.java
D         src/org/openmrs/module/patientmatching/PatientMatchingConfiguration.java
D         src/org/openmrs/module/patientmatching/ScheduledReportGeneration.java
D         src/org/openmrs/module/patientmatching/RecordSerializer.java
D         src/org/openmrs/module/patientmatching/MatchingReportReader.java
D         src/org/openmrs/module/patientmatching/advice/PatientMatchingAdvice.java
D         src/org/openmrs/module/patientmatching/advice
D         src/org/openmrs/module/patientmatching/MatchingUtils.java
D         src/org/openmrs/module/patientmatching/Report.java
D         src/org/openmrs/module/patientmatching/PatientMatchingReportMetadata.java
D         src/org/openmrs/module/patientmatching/impl/PatientMatchingReportMetadataServiceImpl.java
D         src/org/openmrs/module/patientmatching/impl
D         src/org/openmrs/module/patientmatching/HibernateConnection.java
D         src/org/openmrs/module/patientmatching/MatchingConstants.java
D         src/org/openmrs/module/patientmatching/ConfigurationEntry.java
D         src/org/openmrs/module/patientmatching/extension/html/AdminList.java
D         src/org/openmrs/module/patientmatching/extension/html
D         src/org/openmrs/module/patientmatching/extension
D         src/org/openmrs/module/patientmatching/PatientMatchingActivator.java
D         src/org/openmrs/module/patientmatching/PatientMatchingReportMetadataService.java
D         src/org/openmrs/module/patientmatching
D         src/org/openmrs/module
D         src/org/openmrs
D         src/org/regenstrief/linkage/NullDemographicsMatchVector.java
D         src/org/regenstrief/linkage/analysis/DataSourceAnalyzer.java
D         src/org/regenstrief/linkage/analysis/PairAnalyzer.java
D         src/org/regenstrief/linkage/analysis/UnMatchableRecordException.java
D         src/org/regenstrief/linkage/analysis/ObservedVectorAnalyzer.java
D         src/org/regenstrief/linkage/analysis/AverageFrequencyAnalyzer.java
D         src/org/regenstrief/linkage/analysis/ScaleWeightAnalyzer.java
D         src/org/regenstrief/linkage/analysis/ValueFrequencyTable.java
D         src/org/regenstrief/linkage/analysis/EMAnalyzer.java
D         src/org/regenstrief/linkage/analysis/RecordFrequencies.java
D         src/org/regenstrief/linkage/analysis/SingleSourceAnalyzer.java
D         src/org/regenstrief/linkage/analysis/AnalysisObject.java
D         src/org/regenstrief/linkage/analysis/CloseFormUCalculatorDedup.java
D         src/org/regenstrief/linkage/analysis/DedupRandomSampleAnalyzer.java
D         src/org/regenstrief/linkage/analysis/VectorTable.java
D         src/org/regenstrief/linkage/analysis/UniqueAnalyzer.java
D         src/org/regenstrief/linkage/analysis/DemographicValueAction.java
D         src/org/regenstrief/linkage/analysis/ScaleWeightModifier.java
D         src/org/regenstrief/linkage/analysis/NullAnalyzer.java
D         src/org/regenstrief/linkage/analysis/DataBaseSWAnalyzer.java
D         src/org/regenstrief/linkage/analysis/SummaryStatisticsStore.java
D         src/org/regenstrief/linkage/analysis/ClosedFormDedupAnalyzer.java
D         src/org/regenstrief/linkage/analysis/Analyzer.java
D         src/org/regenstrief/linkage/analysis/MatchingConfigAnalyzer.java
D         src/org/regenstrief/linkage/analysis/TwinAnalyzer.java
D         src/org/regenstrief/linkage/analysis/RandomSampleAnalyzer.java
D         src/org/regenstrief/linkage/analysis/RecordFieldAnalyzer.java
D         src/org/regenstrief/linkage/analysis/DependentValueFrequencyTable.java
D         src/org/regenstrief/linkage/analysis/Modifier.java
D         src/org/regenstrief/linkage/analysis/SWAnalyzer.java
D         src/org/regenstrief/linkage/analysis/MemoryBackedDataSourceFrequency.java
D         src/org/regenstrief/linkage/analysis/SWAdjustScore.java
D         src/org/regenstrief/linkage/analysis/RecordPairAnalyzer.java
D         src/org/regenstrief/linkage/analysis/ClosedFormAnalyzer.java
D         src/org/regenstrief/linkage/analysis/MaximumEntropyAnalyzer.java
D         src/org/regenstrief/linkage/analysis/ValueFrequencyAnalyzer.java
D         src/org/regenstrief/linkage/analysis/EntropyAnalyzer.java
D         src/org/regenstrief/linkage/analysis/SetSimilarityAnalysis.java
D         src/org/regenstrief/linkage/analysis/FrequencyAnalyzer.java
D         src/org/regenstrief/linkage/analysis/MatchVectorRecordFrequencies.java
D         src/org/regenstrief/linkage/analysis/CharDelimFileSWAnalyzer.java
D         src/org/regenstrief/linkage/analysis/PairDataSourceAnalysis.java
D         src/org/regenstrief/linkage/analysis/VectorValuesFrequencyAnalyzer.java
D         src/org/regenstrief/linkage/analysis/DataSourceFrequency.java
D         src/org/regenstrief/linkage/analysis/MutualInformationAnalyzer.java
D         src/org/regenstrief/linkage/analysis/WeightedSampler.java
D         src/org/regenstrief/linkage/analysis/NullDemographicScoreModifier.java
D         src/org/regenstrief/linkage/analysis/CloseFormUCalculator.java
D         src/org/regenstrief/linkage/analysis/DataSourceAnalysis.java
D         src/org/regenstrief/linkage/analysis
D         src/org/regenstrief/linkage/gui/LoggingFrame.java
D         src/org/regenstrief/linkage/gui/MatchingTableColumnModel.java
D         src/org/regenstrief/linkage/gui/AnalysisPanel.java
D         src/org/regenstrief/linkage/gui/MatchResultReviewKeyboardAccelerator.java
D         src/org/regenstrief/linkage/gui/SaveTextDisplayFrame.java
D         src/org/regenstrief/linkage/gui/MUValueCellRenderer.java
D         src/org/regenstrief/linkage/gui/MatchingConfigCellRenderer.java
D         src/org/regenstrief/linkage/gui/SecondaryMatchingTableColumnModel.java
D         src/org/regenstrief/linkage/gui/OutputStreamTextArea.java
D         src/org/regenstrief/linkage/gui/ConfigFileFilter.java
D         src/org/regenstrief/linkage/gui/MatchResultReviewPagerPanel.java
D         src/org/regenstrief/linkage/gui/MatchResultReviewTableCellRenderer.java
D         src/org/regenstrief/linkage/gui/ApplyAnalyzerLoggingFrame.java
D         src/org/regenstrief/linkage/gui/RecentFile.java
D         src/org/regenstrief/linkage/gui/MatchingTableModel.java
D         src/org/regenstrief/linkage/gui/SaveTextLoggingFrame.java
D         src/org/regenstrief/linkage/gui/TextDisplayFrame.java
D         src/org/regenstrief/linkage/gui/RecMatch.java
D         src/org/regenstrief/linkage/gui/SessionsPanel.java
D         src/org/regenstrief/linkage/gui/SessionOptionsTableModel.java
D         src/org/regenstrief/linkage/gui/DataPanel.java
D         src/org/regenstrief/linkage/gui/LinkDataSourceChooser.java
D         src/org/regenstrief/linkage/gui/MatchResultReviewPanel.java
D         src/org/regenstrief/linkage/gui/DemographicReviewTableModel.java
D         src/org/regenstrief/linkage/gui
D         src/org/regenstrief/linkage/db/RecordDBManager.java
D         src/org/regenstrief/linkage/db/DBManager.java
D         src/org/regenstrief/linkage/db/RecordImporter.java
D         src/org/regenstrief/linkage/db/ScaleWeightDBManager.java
D         src/org/regenstrief/linkage/db/SavedResultDBConnection.java
D         src/org/regenstrief/linkage/db
D         src/org/regenstrief/linkage/matchresult/FlatFileMatchResultWriter.java
D         src/org/regenstrief/linkage/matchresult/MatchResultList.java
D         src/org/regenstrief/linkage/matchresult/RecordPairId.java
D         src/org/regenstrief/linkage/matchresult/MatchResultStore.java
D         src/org/regenstrief/linkage/matchresult/MatchResultWriter.java
D         src/org/regenstrief/linkage/matchresult/DedupMatchResultList.java
D         src/org/regenstrief/linkage/matchresult/MatchResultHandler.java
D         src/org/regenstrief/linkage/matchresult/XMLMatchResultWriter.java
D         src/org/regenstrief/linkage/matchresult/BestMatch.java
D         src/org/regenstrief/linkage/matchresult/DBMatchResultStore.java
D         src/org/regenstrief/linkage/matchresult
D         src/org/regenstrief/linkage/Record.java
D         src/org/regenstrief/linkage/MatchVector.java
D         src/org/regenstrief/linkage/MatchingInstance.java
D         src/org/regenstrief/linkage/deprecated/EM.java
D         src/org/regenstrief/linkage/deprecated/RecordLinker.java
D         src/org/regenstrief/linkage/deprecated/Linker.java
D         src/org/regenstrief/linkage/deprecated/ScoreModifier.java
D         src/org/regenstrief/linkage/deprecated/ScorePairs.java
D         src/org/regenstrief/linkage/deprecated
D         src/org/regenstrief/linkage/entropy/ColumnEntropyProvider.java
D         src/org/regenstrief/linkage/entropy/EntropyProviderException.java
D         src/org/regenstrief/linkage/entropy/FileEntropyProvider.java
D         src/org/regenstrief/linkage/entropy/ColumnEntropy.java
D         src/org/regenstrief/linkage/entropy
D         src/org/regenstrief/linkage/MatchFinder.java
D         src/org/regenstrief/linkage/io/OpenMRSLookupFormPairs.java
D         src/org/regenstrief/linkage/io/FormPairs.java
D         src/org/regenstrief/linkage/io/SubsetDataSourceReader.java
D         src/org/regenstrief/linkage/io/DedupOrderedDataSourceFormPairs.java
D         src/org/regenstrief/linkage/io/OpenMRSFormPairs.java
D         src/org/regenstrief/linkage/io/OpenMRSReader.java
D         src/org/regenstrief/linkage/io/BlockSizeFormPairs.java
D         src/org/regenstrief/linkage/io/OrderedOpenMRSReader.java
D         src/org/regenstrief/linkage/io/CharDelimFileReader.java
D         src/org/regenstrief/linkage/io/SubsetDataBaseReader.java
D         src/org/regenstrief/linkage/io/ReaderProvider.java
D         src/org/regenstrief/linkage/io/BasicCharDelimFileReader.java
D         src/org/regenstrief/linkage/io/DataSourceReader.java
D         src/org/regenstrief/linkage/io/DataBaseRecordStore.java
D         src/org/regenstrief/linkage/io/NoMatchFilteringFormPairs.java
D         src/org/regenstrief/linkage/io/OrderedCharDelimFileReader.java
D         src/org/regenstrief/linkage/io/OrderedDataSourceFormPairs.java
D         src/org/regenstrief/linkage/io/OrderedDataSourceReader.java
D         src/org/regenstrief/linkage/io/VectorReader.java
D         src/org/regenstrief/linkage/io/DataBaseReader.java
D         src/org/regenstrief/linkage/io/CommonPairFormPairs.java
D         src/org/regenstrief/linkage/io/RecordStore.java
D         src/org/regenstrief/linkage/io/LookupFormPairs.java
D         src/org/regenstrief/linkage/io/OrderedDataBaseReader.java
D         src/org/regenstrief/linkage/io/SubsetOpenMRSReader.java
D         src/org/regenstrief/linkage/io/DedupOrderedOpenMRSReader.java
D         src/org/regenstrief/linkage/io
D         src/org/regenstrief/linkage/MatchResult.java
D         src/org/regenstrief/linkage/RecordLink.java
D         src/org/regenstrief/linkage/ModifiedMatchResult.java
D         src/org/regenstrief/linkage/util/MatchResultsXML.java
D         src/org/regenstrief/linkage/util/LinkDataSourceInspector.java
D         src/org/regenstrief/linkage/util/MatchingConfigRow.java
D         src/org/regenstrief/linkage/util/LinkDataSource.java
D         src/org/regenstrief/linkage/util/MICalculator.java
D         src/org/regenstrief/linkage/util/MatchingConfig.java
D         src/org/regenstrief/linkage/util/CharDelimLDSInspector.java
D         src/org/regenstrief/linkage/util/LongestCommonSubString.java
D         src/org/regenstrief/linkage/util/CmdLauncher.java
D         src/org/regenstrief/linkage/util/XMLUpdater.java
D         src/org/regenstrief/linkage/util/MatchingConfigValidator.java
D         src/org/regenstrief/linkage/util/ScorePair.java
D         src/org/regenstrief/linkage/util/FileWritingMatcher.java
D         src/org/regenstrief/linkage/util/ComparisonException.java
D         src/org/regenstrief/linkage/util/XMLTransform.java
D         src/org/regenstrief/linkage/util/ColumnSorter.java
D         src/org/regenstrief/linkage/util/ColumnSortOption.java
D         src/org/regenstrief/linkage/util/FormPairs.java
D         src/org/regenstrief/linkage/util/ColumnSwitcher.java
D         src/org/regenstrief/linkage/util/FSSyntheticRecordGenerator.java
D         src/org/regenstrief/linkage/util/ColumnPair.java
D         src/org/regenstrief/linkage/util/AnalysisConfig.java
D         src/org/regenstrief/linkage/util/XMLTranslator.java
D         src/org/regenstrief/linkage/util/RecMatchConfig.java
D         src/org/regenstrief/linkage/util/LoggingObject.java
D         src/org/regenstrief/linkage/util/BlockingExclusionList.java
D         src/org/regenstrief/linkage/util/SyntheticRecordGenerator.java
D         src/org/regenstrief/linkage/util/Token.java
D         src/org/regenstrief/linkage/util/MUSyntheticRecordGenerator.java
D         src/org/regenstrief/linkage/util/DataColumnIncludeComparator.java
D         src/org/regenstrief/linkage/util/StringMatch.java
D         src/org/regenstrief/linkage/util/DataColumn.java
D         src/org/regenstrief/linkage/util/Column.java
D         src/org/regenstrief/linkage/util/DataBaseLDSInspector.java
D         src/org/regenstrief/linkage/util
D         src/org/regenstrief/linkage/testing/SWAnalyzerTest.java
D         src/org/regenstrief/linkage/testing/ScaleWeightDBManagerTest.java
D         src/org/regenstrief/linkage/testing/DedupFormPairsTest.java
D         src/org/regenstrief/linkage/testing/ComparatorTesting.java
D         src/org/regenstrief/linkage/testing/DBTest.java
D         src/org/regenstrief/linkage/testing/ScaleWeightAnalyzerTest.java
D         src/org/regenstrief/linkage/testing/DBTest1.java
D         src/org/regenstrief/linkage/testing/TransitiveSetAnalysisTest.java
D         src/org/regenstrief/linkage/testing/LinkageTest.java
D         src/org/regenstrief/linkage/testing/SAXOutputTesting.java
D         src/org/regenstrief/linkage/testing/XMLTranslatorTest.java
D         src/org/regenstrief/linkage/testing
D         src/org/regenstrief/linkage/Workspace.java
D         src/org/regenstrief/linkage/ScoreVector.java
D         src/org/regenstrief/linkage/SameEntityRecordGroup.java
D         src/org/regenstrief/linkage
D         src/org/regenstrief
D         src/org
D         src/commons-logging.properties
D         src
Removing resources from api main java
D         api/src/main/java/org/openmrs/module/patientmatching/db/hibernate/PatientMatchingReportMetadata.hbm.xml
D         api/src/main/java/commons-logging.properties
Writing out and adding omod pom
A         omod/pom.xml
Writing out and adding api pom
A         api/pom.xml
Writing out and adding parent pom
A         pom.xml
Removing original directories and files
D         web/module/metadataForm.jsp
D         web/module/scheduleList.jsp
D         web/module/configForm.jsp
D         web/module/dupesList.jsp
D         web/module/resources/includes/jquery-1.4.2.min.js
D         web/module/resources/includes
D         web/module/resources
D         web/module/reportForm.jsp
D         web/module/scheduleForm.jsp
D         web/module/portlets
D         web/module/configList.jsp
D         web/module/localHeader.jsp
D         web/module
D         web/src/org/openmrs/module/patientmatching/web/ReportFormSimpleFormController.java
D         web/src/org/openmrs/module/patientmatching/web/ConfigurationListSimpleFormController.java
D         web/src/org/openmrs/module/patientmatching/web/CreateScheduleFormController.java
D         web/src/org/openmrs/module/patientmatching/web/ConfigurationSimpleFormController.java
D         web/src/org/openmrs/module/patientmatching/web/dwr/DWRMatchingConfigUtilities.java
D         web/src/org/openmrs/module/patientmatching/web/dwr
D         web/src/org/openmrs/module/patientmatching/web/ReportSimpleFormController.java
D         web/src/org/openmrs/module/patientmatching/web/ReportMetadataSimpleFormController.java
D         web/src/org/openmrs/module/patientmatching/web/ScheduleSimpleFormController.java
D         web/src/org/openmrs/module/patientmatching/web
D         web/src/org/openmrs/module/patientmatching
D         web/src/org/openmrs/module
D         web/src/org/openmrs
D         web/src/org
D         web/src
D         web
D         .classpath
D         .project
D         lib-common/bsf-2.3.jar
D         lib-common/jakarta-oro-2.0.8.jar
D         lib-common/xstream-1.3.jar
D         lib-common/hibernate3.jar
D         lib-common/openmrs-api-1.7.0.13416-dev.jar
D         lib-common/web-openmrs-api-1.6.0.9309-dev.jar
D         lib-common/servlet-api.jar
D         lib-common/commons-logging-1.0.4.jar
D         lib-common/commons-validator-1.1.4.jar
D         lib-common/bsh-2.0b4.jar
D         lib-common/log4j-1.2.13.jar
D         lib-common/spring-2.0.jar
D         lib-common/dwr-205.jar
D         lib-common/mysql-connector-java-3.1.10-bin.jar
D         lib-common/spring-2.5.1.jar
D         lib-common
D         build.xml
Updating svn ignore properties in api and omod
Ignoring Maven target in omod
property 'svn:ignore' set on 'omod'
Ignoring Maven target in api
property 'svn:ignore' set on 'api'
Ignoring Maven target in parent dir
property 'svn:ignore' set on '.'

